<?xml version="1.0" encoding="UTF-8"?>
<!-- Generated by org.testng.reporters.JUnitReportReporter -->
<testsuite skipped="0" hostname="ANKUR-JH9R5PSD" name="com.qa.test.PostApiTest" tests="1" failures="0" timestamp="2021-09-24T09:59:33 IST" time="1.195" errors="0">
  <testcase name="postApiTest" time="1.195" classname="com.qa.test.PostApiTest"/>
  <system-out/>
</testsuite> <!-- com.qa.test.PostApiTest -->
